生成启动时间为 2019/1/18 9:56:16。
     1>项目“C:\Users\xushu\Documents\Visual Studio 2010\Projects\first\first\first.vcxproj”在节点 2 上(build 个目标)。
     1>PrepareForBuild:
         正在创建目录“C:\Users\xushu\Documents\Visual Studio 2010\Projects\first\Debug\”。
       InitializeBuildStatus:
         正在创建“Debug\first.unsuccessfulbuild”，因为已指定“AlwaysCreate”。
       ClCompile:
         C:\Program Files (x86)\Microsoft Visual Studio 10.0\VC\bin\CL.exe /c /ZI /nologo /W3 /WX- /Od /Oy- /D WIN32 /D _DEBUG /D _CONSOLE /D _UNICODE /D UNICODE /Gm /EHsc /RTC1 /MDd /GS /fp:precise /Zc:wchar_t /Zc:forScope /Fo"Debug\\" /Fd"Debug\vc100.pdb" /Gd /TP /analyze- /errorReport:prompt hello.cpp
         hello.cpp
       ManifestResourceCompile:
         C:\Program Files (x86)\Microsoft SDKs\Windows\v7.0A\bin\rc.exe /nologo /fo"Debug\first.exe.embed.manifest.res" Debug\first_manifest.rc 
       Link:
         C:\Program Files (x86)\Microsoft Visual Studio 10.0\VC\bin\link.exe /ERRORREPORT:PROMPT /OUT:"C:\Users\xushu\Documents\Visual Studio 2010\Projects\first\Debug\first.exe" /INCREMENTAL /NOLOGO kernel32.lib user32.lib gdi32.lib winspool.lib comdlg32.lib advapi32.lib shell32.lib ole32.lib oleaut32.lib uuid.lib odbc32.lib odbccp32.lib /MANIFEST /ManifestFile:"Debug\first.exe.intermediate.manifest" /MANIFESTUAC:"level='asInvoker' uiAccess='false'" /DEBUG /PDB:"C:\Users\xushu\Documents\Visual Studio 2010\Projects\first\Debug\first.pdb" /SUBSYSTEM:CONSOLE /TLBID:1 /DYNAMICBASE /NXCOMPAT /IMPLIB:"C:\Users\xushu\Documents\Visual Studio 2010\Projects\first\Debug\first.lib" /MACHINE:X86 Debug\first.exe.embed.manifest.res
         Debug\hello.obj
       Manifest:
         C:\Program Files (x86)\Microsoft SDKs\Windows\v7.0A\bin\mt.exe /nologo /verbose /out:"Debug\first.exe.embed.manifest" /manifest Debug\first.exe.intermediate.manifest
         C:\Program Files (x86)\Microsoft SDKs\Windows\v7.0A\bin\rc.exe /nologo /fo"Debug\first.exe.embed.manifest.res" Debug\first_manifest.rc 
       LinkEmbedManifest:
         C:\Program Files (x86)\Microsoft Visual Studio 10.0\VC\bin\link.exe /ERRORREPORT:PROMPT /OUT:"C:\Users\xushu\Documents\Visual Studio 2010\Projects\first\Debug\first.exe" /INCREMENTAL /NOLOGO kernel32.lib user32.lib gdi32.lib winspool.lib comdlg32.lib advapi32.lib shell32.lib ole32.lib oleaut32.lib uuid.lib odbc32.lib odbccp32.lib /MANIFEST /ManifestFile:"Debug\first.exe.intermediate.manifest" /MANIFESTUAC:"level='asInvoker' uiAccess='false'" /DEBUG /PDB:"C:\Users\xushu\Documents\Visual Studio 2010\Projects\first\Debug\first.pdb" /SUBSYSTEM:CONSOLE /TLBID:1 /DYNAMICBASE /NXCOMPAT /IMPLIB:"C:\Users\xushu\Documents\Visual Studio 2010\Projects\first\Debug\first.lib" /MACHINE:X86 Debug\first.exe.embed.manifest.res
         Debug\hello.obj
         first.vcxproj -> C:\Users\xushu\Documents\Visual Studio 2010\Projects\first\Debug\first.exe
       FinalizeBuildStatus:
         正在删除文件“Debug\first.unsuccessfulbuild”。
         正在对“Debug\first.lastbuildstate”执行 Touch 任务。
     1>已完成生成项目“C:\Users\xushu\Documents\Visual Studio 2010\Projects\first\first\first.vcxproj”(build 个目标)的操作。

生成成功。

已用时间 00:00:03.15
